<?xml version="1.0" encoding="UTF-8"?>
<!-- Generated by org.testng.reporters.JUnitReportReporter -->
<testsuite hostname="DESKTOP-15S6U3P" failures="0" tests="1" name="testLayer.LoanRequestTest" time="7.597" errors="0" timestamp="2023-01-11T05:06:44 EST" skipped="0">
  <testcase classname="testLayer.LoanRequestTest" name="LoanRequest_Validdata" time="7.597"/>
  <system-out/>
</testsuite> <!-- testLayer.LoanRequestTest -->
