<?xml version="1.0" encoding="UTF-8"?>
<!-- Generated by org.testng.reporters.JUnitReportReporter -->
<testsuite hostname="DESKTOP-15S6U3P" failures="0" tests="1" name="testLayer.OpenNewAccTest" time="9.248" errors="0" timestamp="2023-01-11T05:06:44 EST" skipped="0">
  <testcase classname="testLayer.OpenNewAccTest" name="OpenNewAcc_CreateAcc" time="9.248"/>
  <system-out/>
</testsuite> <!-- testLayer.OpenNewAccTest -->
