<?xml version="1.0" encoding="UTF-8"?>
<!-- Generated by org.testng.reporters.JUnitReportReporter -->
<testsuite hostname="DESKTOP-15S6U3P" failures="0" tests="1" name="testLayer.AccountOverviewTest" time="7.676" errors="0" timestamp="2023-01-11T05:06:44 EST" skipped="0">
  <testcase classname="testLayer.AccountOverviewTest" name="AccountOverview_verifyLink" time="7.676"/>
  <system-out/>
</testsuite> <!-- testLayer.AccountOverviewTest -->
