<?xml version="1.0" encoding="UTF-8"?>
<!-- Generated by org.testng.reporters.JUnitReportReporter -->
<testsuite hostname="DESKTOP-15S6U3P" failures="0" tests="4" name="testLayer.FindTransactionsTest" time="31.552" errors="0" timestamp="2023-01-11T05:06:44 EST" skipped="0">
  <testcase classname="testLayer.FindTransactionsTest" name="FindTransactions_ID" time="8.527"/>
  <system-out/>
  <testcase classname="testLayer.FindTransactionsTest" name="FindTransactions_Date" time="8.159"/>
  <system-out/>
  <testcase classname="testLayer.FindTransactionsTest" name="FindTransactions_Daterange" time="7.408"/>
  <system-out/>
  <testcase classname="testLayer.FindTransactionsTest" name="FindTransactions_Amount" time="7.458"/>
  <system-out/>
</testsuite> <!-- testLayer.FindTransactionsTest -->
